
> disaster-management-ui@0.0.0 build
> ng build

[33mΓ¥»[39m Building...
[32mΓ£ö[39m Building...
Application bundle generation failed. [4.339 seconds]

npm : [1m[31m[31mX 
[41;31m[[41;97mERROR[
41;31m][0m 
[1mNG5002: 
Unsupported expression 
in a two-way 
binding[0m 
[1m[35m[plugin 
angular-compiler][0m
At line:1 char:1
+ npm run build > 
build.log 2>&1
+ ~~~~~~~~~~~~~~~~~~~~~
~~~~~~~~~
    + CategoryInfo     
         : NotSpecifi  
  ed: ([1m[31m[31   
 mX...r-compiler][    
0m:String) [], Rem    
oteException
    + FullyQualifiedEr 
   rorId : NativeComm  
  andError
 

    src/app/pages/respo
nder-dashboard/responde
r-dashboard.component.h
tml:60:22:
[37m      60 Γöé 
...<textarea [32m[(ngM
odel)]="reportModel[tas
k.id] && reportModel[ta
sk[37m...
         Γò╡           
   [32m~~~~~~~~~~~~~~~
~~~~~~~~~~~~~~~~~~~~~~~
~~~~~~~~~~~~~~~[0m

  Error occurs in the 
template of component R
esponderDashboardCompon
ent.

    src/app/pages/respo
nder-dashboard/responde
r-dashboard.component.t
s:15:15:
[37m      15 Γöé   
templateUrl: [32m'./re
sponder-dashboard.compo
nent.html'[37m,
         Γò╡           
     [32m~~~~~~~~~~~~~
~~~~~~~~~~~~~~~~~~~~~~~
~~[0m


[31mX [41;31m[[41;97
mERROR[41;31m][0m 
[1mNG5002: 
Unsupported expression 
in a two-way 
binding[0m 
[1m[35m[plugin 
angular-compiler][0m

    src/app/pages/respo
nder-dashboard/responde
r-dashboard.component.h
tml:65:31:
[37m      65 Γöé 
...pe="text" [32m[(ngM
odel)]="reportModel[tas
k.id] && reportModel[ta
sk[37m...
         Γò╡           
   [32m~~~~~~~~~~~~~~~
~~~~~~~~~~~~~~~~~~~~~~~
~~~~~~~~~~~~~~~[0m

  Error occurs in the 
template of component R
esponderDashboardCompon
ent.

    src/app/pages/respo
nder-dashboard/responde
r-dashboard.component.t
s:15:15:
[37m      15 Γöé   
templateUrl: [32m'./re
sponder-dashboard.compo
nent.html'[37m,
         Γò╡           
     [32m~~~~~~~~~~~~~
~~~~~~~~~~~~~~~~~~~~~~~
~~[0m

[39m[22m
